<?xml version="1.0" encoding="UTF-8"?>
<!-- Generated by org.testng.reporters.JUnitXMLReporter -->
<testsuite ignored="0" hostname="Predator" failures="2" tests="2" name="Default test" time="3.716" errors="0" timestamp="2026-03-10T10:10:45 IST">
  <testcase classname="io.cucumber.testng.AbstractTestNGCucumberTests" name="runScenario" time="1.701">
    <failure type="io.cucumber.testng.UndefinedStepException" message="The step &amp;apos;I open the OrangeHRM login page&amp;apos; and 1 other step(s) are undefined.
You can implement these steps using the snippet(s) below:

@Given(&amp;quot;I open the OrangeHRM login page&amp;quot;)
public void i_open_the_orange_hrm_login_page() {
    // Write code here that turns the phrase above into concrete actions
    throw new io.cucumber.java.PendingException();
}
@When(&amp;quot;I log in with username {string} and password {string}&amp;quot;)
public void i_log_in_with_username_and_password(String string, String string2) {
    // Write code here that turns the phrase above into concrete actions
    throw new io.cucumber.java.PendingException();
}
">
      <![CDATA[io.cucumber.testng.UndefinedStepException: The step 'I open the OrangeHRM login page' and 1 other step(s) are undefined.
You can implement these steps using the snippet(s) below:

@Given("I open the OrangeHRM login page")
public void i_open_the_orange_hrm_login_page() {
    // Write code here that turns the phrase above into concrete actions
    throw new io.cucumber.java.PendingException();
}
@When("I log in with username {string} and password {string}")
public void i_log_in_with_username_and_password(String string, String string2) {
    // Write code here that turns the phrase above into concrete actions
    throw new io.cucumber.java.PendingException();
}

at ✽.I open the OrangeHRM login page(file:///C:/Geetha/Testing%20Practice/Frameworks/OrangeHrmCucumberFramework/OrangeHRM/src/test/resources/AdminScript.feature:34)
]]>
    </failure>
  </testcase> <!-- runScenario -->
  <testcase classname="io.cucumber.testng.AbstractTestNGCucumberTests" name="runScenario" time="0.979">
    <failure type="io.cucumber.testng.UndefinedStepException" message="The step &amp;apos;I open the OrangeHRM login page&amp;apos; and 1 other step(s) are undefined.
You can implement these steps using the snippet(s) below:

@Given(&amp;quot;I open the OrangeHRM login page&amp;quot;)
public void i_open_the_orange_hrm_login_page() {
    // Write code here that turns the phrase above into concrete actions
    throw new io.cucumber.java.PendingException();
}
@When(&amp;quot;I log in with username {string} and password {string}&amp;quot;)
public void i_log_in_with_username_and_password(String string, String string2) {
    // Write code here that turns the phrase above into concrete actions
    throw new io.cucumber.java.PendingException();
}
">
      <![CDATA[io.cucumber.testng.UndefinedStepException: The step 'I open the OrangeHRM login page' and 1 other step(s) are undefined.
You can implement these steps using the snippet(s) below:

@Given("I open the OrangeHRM login page")
public void i_open_the_orange_hrm_login_page() {
    // Write code here that turns the phrase above into concrete actions
    throw new io.cucumber.java.PendingException();
}
@When("I log in with username {string} and password {string}")
public void i_log_in_with_username_and_password(String string, String string2) {
    // Write code here that turns the phrase above into concrete actions
    throw new io.cucumber.java.PendingException();
}

at ✽.I open the OrangeHRM login page(file:///C:/Geetha/Testing%20Practice/Frameworks/OrangeHrmCucumberFramework/OrangeHRM/src/test/resources/PIM.feature:7)
]]>
    </failure>
  </testcase> <!-- runScenario -->
</testsuite> <!-- Default test -->
