<?xml version="1.0" encoding="UTF-8"?>
<testsuite xmlns:xsi="http://www.w3.org/2001/XMLSchema-instance" xsi:noNamespaceSchemaLocation="https://maven.apache.org/surefire/maven-surefire-plugin/xsd/surefire-test-report.xsd" version="3.0.1" name="com.orangeHrm.runners.OrangeHrmMasterRunner" time="6.901" tests="2" errors="0" skipped="0" failures="0">
  <properties>
[...]
</properties>
  <testcase name="runScenario[&quot;Report a Bug by adding valid data from excel&quot;, &quot;Bug Tracker Module&quot;](1)" classname="com.orangeHrm.runners.OrangeHrmMasterRunner" time="3.349">
    <system-out><![CDATA[Config file generated for :- test environment
Execution started for : Report a Bug by adding valid data from excel
Opening URL: http://localhost/orangehrm/login.php
Page URL after load: http://localhost/orangehrm/login.php
Page Title: OrangeHRM - New Level of HR Management
Page Source length: 8730
Opened OrangeHRM login page: http://localhost/orangehrm/login.php
PASSED
]]></system-out>
    <system-err><![CDATA[SLF4J(W): No SLF4J providers were found.
SLF4J(W): Defaulting to no-operation (NOP) logger implementation
SLF4J(W): See https://www.slf4j.org/codes.html#noProviders for further details.
Jul 12, 2026 5:18:01 PM org.openqa.selenium.devtools.CdpVersionFinder findNearestMatch
WARNING: Unable to find CDP implementation matching 150
Jul 12, 2026 5:18:01 PM org.openqa.selenium.chromium.ChromiumDriver lambda$new$4
WARNING: Unable to find version of CDP to use for 150.0.7871.115. You may need to include a dependency on a specific version of the CDP using something similar to `org.seleniumhq.selenium:selenium-devtools-v86:4.40.0` where the version ("v86") matches the version of the chromium-based browser you're using and the version number of the artifact is the same as Selenium's.
]]></system-err>
  </testcase>
  <testcase name="runScenario[&quot;Report a Bug by adding valid data from excel&quot;, &quot;Bug Tracker Module&quot;](2)" classname="com.orangeHrm.runners.OrangeHrmMasterRunner" time="2.026">
    <system-out><![CDATA[Execution started for : Report a Bug by adding valid data from excel
Opening URL: http://localhost/orangehrm/login.php
Page URL after load: http://localhost/orangehrm/login.php
Page Title: OrangeHRM - New Level of HR Management
Page Source length: 8730
Opened OrangeHRM login page: http://localhost/orangehrm/login.php
PASSED
]]></system-out>
    <system-err><![CDATA[Jul 12, 2026 5:18:03 PM org.openqa.selenium.devtools.CdpVersionFinder findNearestMatch
WARNING: Unable to find CDP implementation matching 150
Jul 12, 2026 5:18:03 PM org.openqa.selenium.chromium.ChromiumDriver lambda$new$4
WARNING: Unable to find version of CDP to use for 150.0.7871.115. You may need to include a dependency on a specific version of the CDP using something similar to `org.seleniumhq.selenium:selenium-devtools-v86:4.40.0` where the version ("v86") matches the version of the chromium-based browser you're using and the version number of the artifact is the same as Selenium's.
]]></system-err>
  </testcase>
</testsuite>