<?xml version="1.0" encoding="UTF-8"?>
<testng-results ignored="0" total="1" passed="1" failed="0" skipped="0">
  <reporter-output>
    <line>
      <![CDATA[Execution started for : Verify employee creation in OrangeHRM]]>
    </line>
  </reporter-output>
  <suite started-at="2026-02-24T10:45:37 IST" name="Default suite" finished-at="2026-02-24T10:50:28 IST" duration-ms="290566">
    <groups>
      <group name="cucumber">
        <method signature="AbstractTestNGCucumberTests.runScenario(io.cucumber.testng.PickleWrapper,io.cucumber.testng.FeatureWrapper)[pri:0, instance:com.orangeHRM.runners.OrangeHrmMasterRunner@5e3f861]" name="runScenario" class="io.cucumber.testng.AbstractTestNGCucumberTests"/>
      </group> <!-- cucumber -->
    </groups>
    <test started-at="2026-02-24T10:45:37 IST" name="Default test" finished-at="2026-02-24T10:50:28 IST" duration-ms="290566">
      <class name="com.orangeHRM.runners.OrangeHrmMasterRunner">
        <test-method is-config="true" signature="setUpClass(org.testng.ITestContext)[pri:0, instance:com.orangeHRM.runners.OrangeHrmMasterRunner@5e3f861]" started-at="2026-02-24T10:45:37 IST" name="setUpClass" finished-at="2026-02-24T10:45:38 IST" duration-ms="564" status="PASS">
          <params>
            <param index="0">
              <value>
                <![CDATA[org.testng.TestRunner@5e2718b3]]>
              </value>
            </param>
          </params>
          <reporter-output>
          </reporter-output>
        </test-method> <!-- setUpClass -->
        <test-method is-config="true" signature="reportSetup()[pri:0, instance:com.orangeHRM.runners.OrangeHrmMasterRunner@5e3f861]" started-at="2026-02-24T10:45:38 IST" name="reportSetup" finished-at="2026-02-24T10:45:38 IST" duration-ms="164" status="PASS">
          <reporter-output>
          </reporter-output>
        </test-method> <!-- reportSetup -->
        <test-method signature="runScenario(io.cucumber.testng.PickleWrapper,io.cucumber.testng.FeatureWrapper)[pri:0, instance:com.orangeHRM.runners.OrangeHrmMasterRunner@5e3f861]" started-at="2026-02-24T10:45:38 IST" name="runScenario" description="Runs Cucumber Scenarios" data-provider="scenarios" finished-at="2026-02-24T10:50:27 IST" duration-ms="289431" status="PASS">
          <params>
            <param index="0">
              <value>
                <![CDATA["Verify employee creation in OrangeHRM"]]>
              </value>
            </param>
            <param index="1">
              <value>
                <![CDATA["Title of your feature"]]>
              </value>
            </param>
          </params>
          <reporter-output>
            <line>
              <![CDATA[Execution started for : Verify employee creation in OrangeHRM]]>
            </line>
          </reporter-output>
        </test-method> <!-- runScenario -->
        <test-method is-config="true" signature="teardown()[pri:0, instance:com.orangeHRM.runners.OrangeHrmMasterRunner@5e3f861]" started-at="2026-02-24T10:50:27 IST" name="teardown" finished-at="2026-02-24T10:50:27 IST" duration-ms="279" status="PASS">
          <reporter-output>
          </reporter-output>
        </test-method> <!-- teardown -->
        <test-method is-config="true" signature="tearDownClass()[pri:0, instance:com.orangeHRM.runners.OrangeHrmMasterRunner@5e3f861]" started-at="2026-02-24T10:50:27 IST" name="tearDownClass" finished-at="2026-02-24T10:50:28 IST" duration-ms="84" status="PASS">
          <reporter-output>
          </reporter-output>
        </test-method> <!-- tearDownClass -->
      </class> <!-- com.orangeHRM.runners.OrangeHrmMasterRunner -->
    </test> <!-- Default test -->
  </suite> <!-- Default suite -->
</testng-results>
