<?xml version="1.0" encoding="UTF-8"?>
<!-- Generated by org.testng.reporters.JUnitReportReporter -->
<testsuite hostname="Predator" failures="0" tests="1" name="com.orangeHRM.runners.OrangeHrmMasterRunner" time="289.431" errors="0" timestamp="2026-02-24T10:50:28 IST" skipped="0">
  <testcase classname="com.orangeHRM.runners.OrangeHrmMasterRunner" name="runScenario" time="289.431">
    <system-out>
      <![CDATA[Execution started for : Verify employee creation in OrangeHRM]]>
    </system-out>
  </testcase> <!-- runScenario -->
  <system-out>
    <![CDATA[Execution started for : Verify employee creation in OrangeHRM]]>
  </system-out>
</testsuite> <!-- com.orangeHRM.runners.OrangeHrmMasterRunner -->
