<?xml version="1.0" encoding="UTF-8"?>
<!-- Generated by org.testng.reporters.JUnitReportReporter -->
<testsuite hostname="Predator" failures="0" tests="2" name="com.orangeHRM.runners.OrangeHrmMasterRunner" time="2.680" errors="2" timestamp="2026-03-10T10:10:45 IST" skipped="0">
  <testcase classname="com.orangeHRM.runners.OrangeHrmMasterRunner" name="runScenario" time="0.979">
    <error message="The step &#039;I open the OrangeHRM login page&#039; and 1 other step(s) are undefined.
You can implement these steps using the snippet(s) below:

@Given(&quot;I open the OrangeHRM login page&quot;)
public void i_open_the_orange_hrm_login_page() {
    // Write code here that turns the phrase above into concrete actions
    throw new io.cucumber.java.PendingException();
}
@When(&quot;I log in with username {string} and password {string}&quot;)
public void i_log_in_with_username_and_password(String string, String string2) {
    // Write code here that turns the phrase above into concrete actions
    throw new io.cucumber.java.PendingException();
}
" type="io.cucumber.testng.UndefinedStepException">
      <![CDATA[io.cucumber.testng.UndefinedStepException: The step 'I open the OrangeHRM login page' and 1 other step(s) are undefined.
You can implement these steps using the snippet(s) below:

@Given("I open the OrangeHRM login page")
public void i_open_the_orange_hrm_login_page() {
    // Write code here that turns the phrase above into concrete actions
    throw new io.cucumber.java.PendingException();
}
@When("I log in with username {string} and password {string}")
public void i_log_in_with_username_and_password(String string, String string2) {
    // Write code here that turns the phrase above into concrete actions
    throw new io.cucumber.java.PendingException();
}

at ✽.I open the OrangeHRM login page(file:///C:/Geetha/Testing%20Practice/Frameworks/OrangeHrmCucumberFramework/OrangeHRM/src/test/resources/PIM.feature:7)
]]>
    </error>
    <system-out>
      <![CDATA[Execution started for : Verify employee creation in OrangeHRM via examples]]>
    </system-out>
  </testcase> <!-- runScenario -->
  <testcase classname="com.orangeHRM.runners.OrangeHrmMasterRunner" name="runScenario" time="1.701">
    <error message="The step &#039;I open the OrangeHRM login page&#039; and 1 other step(s) are undefined.
You can implement these steps using the snippet(s) below:

@Given(&quot;I open the OrangeHRM login page&quot;)
public void i_open_the_orange_hrm_login_page() {
    // Write code here that turns the phrase above into concrete actions
    throw new io.cucumber.java.PendingException();
}
@When(&quot;I log in with username {string} and password {string}&quot;)
public void i_log_in_with_username_and_password(String string, String string2) {
    // Write code here that turns the phrase above into concrete actions
    throw new io.cucumber.java.PendingException();
}
" type="io.cucumber.testng.UndefinedStepException">
      <![CDATA[io.cucumber.testng.UndefinedStepException: The step 'I open the OrangeHRM login page' and 1 other step(s) are undefined.
You can implement these steps using the snippet(s) below:

@Given("I open the OrangeHRM login page")
public void i_open_the_orange_hrm_login_page() {
    // Write code here that turns the phrase above into concrete actions
    throw new io.cucumber.java.PendingException();
}
@When("I log in with username {string} and password {string}")
public void i_log_in_with_username_and_password(String string, String string2) {
    // Write code here that turns the phrase above into concrete actions
    throw new io.cucumber.java.PendingException();
}

at ✽.I open the OrangeHRM login page(file:///C:/Geetha/Testing%20Practice/Frameworks/OrangeHrmCucumberFramework/OrangeHRM/src/test/resources/AdminScript.feature:34)
]]>
    </error>
    <system-out>
      <![CDATA[Execution started for : Verify employee creation in OrangeHRM via examples]]>
    </system-out>
  </testcase> <!-- runScenario -->
  <system-out>
    <![CDATA[Execution started for : Verify employee creation in OrangeHRM via examples
Execution started for : Verify employee creation in OrangeHRM via examples]]>
  </system-out>
</testsuite> <!-- com.orangeHRM.runners.OrangeHrmMasterRunner -->
