<?xml version="1.0" encoding="UTF-8"?>
<!-- Generated by org.testng.reporters.JUnitReportReporter -->
<testsuite hostname="Predator" failures="0" tests="1" name="com.orangeHrm.runners.OrangeHrmMasterRunner" time="22.512" errors="0" timestamp="2026-03-20T22:56:08 IST" skipped="0">
  <testcase classname="com.orangeHrm.runners.OrangeHrmMasterRunner" name="runScenario" time="22.512">
    <system-out>
      <![CDATA[Execution started for : Access Company General Information and View Company General Details
Opened OrangeHRM login page: http://localhost/orangehrm/login.php
Submitted login for user: admin
Successfully navigated to admin general module
Successfully clicked the Edit button
Company information details edited successfully
Successfully clicked the Save button
All company information fields verified successfully
✓ Company 'Wipro' found in database
✓ All company details verified successfully in database
✓ Company information and details verified in database]]>
    </system-out>
  </testcase> <!-- runScenario -->
  <system-out>
    <![CDATA[Execution started for : Access Company General Information and View Company General Details
Opened OrangeHRM login page: http://localhost/orangehrm/login.php
Submitted login for user: admin
Successfully navigated to admin general module
Successfully clicked the Edit button
Company information details edited successfully
Successfully clicked the Save button
All company information fields verified successfully
✓ Company 'Wipro' found in database
✓ All company details verified successfully in database
✓ Company information and details verified in database]]>
  </system-out>
</testsuite> <!-- com.orangeHrm.runners.OrangeHrmMasterRunner -->
